# JRE version: OpenJDK Runtime Environment Corretto-17.0.6.10.1 (17.0.6+10) (build 17.0.6+10-LTS)
# Java VM: OpenJDK 64-Bit Server VM Corretto-17.0.6.10.1 (17.0.6+10-LTS, mixed mode, sharing, tiered, compressed oops, compressed class ptrs, g1 gc, windows-amd64)
GC Precious Log:
 CPUs: 16 total, 16 available
 Memory: 32694M
 Large Page Support: Disabled
 NUMA Support: Disabled
 Compressed Oops: Enabled (Zero based)
 Heap Region Size: 4M
 Heap Min Capacity: 8M
 Heap Initial Capacity: 512M
 Heap Max Capacity: 8176M
 Pre-touch: Disabled
 Parallel Workers: 13
 Concurrent Workers: 3
 Concurrent Refinement Workers: 13
 Periodic GC: Disabled
Heap:
 garbage-first heap   total 270336K, used 73649K [0x0000000601000000, 0x0000000800000000)
  region size 4096K, 19 young (77824K), 1 survivors (4096K)
 Metaspace       used 11716K, committed 12032K, reserved 1064960K
  class space    used 872K, committed 1024K, reserved 1048576K
GC Heap History (20 events):
Event: 1.541 GC heap before
{Heap before GC invocations=9 (full 3):
 garbage-first heap   total 270336K, used 159367K [0x0000000601000000, 0x0000000800000000)
  region size 4096K, 39 young (159744K), 1 survivors (4096K)
 Metaspace       used 9756K, committed 10048K, reserved 1064960K
  class space    used 682K, committed 832K, reserved 1048576K
}
Event: 1.542 GC heap after
{Heap after GC invocations=10 (full 3):
 garbage-first heap   total 270336K, used 3727K [0x0000000601000000, 0x0000000800000000)
  region size 4096K, 1 young (4096K), 1 survivors (4096K)
 Metaspace       used 9756K, committed 10048K, reserved 1064960K
  class space    used 682K, committed 832K, reserved 1048576K
}
Event: 1.920 GC heap before
{Heap before GC invocations=10 (full 3):
 garbage-first heap   total 270336K, used 159375K [0x0000000601000000, 0x0000000800000000)
  region size 4096K, 39 young (159744K), 1 survivors (4096K)
 Metaspace       used 9971K, committed 10240K, reserved 1064960K
  class space    used 682K, committed 832K, reserved 1048576K
}
Event: 1.920 GC heap after
{Heap after GC invocations=11 (full 3):
 garbage-first heap   total 270336K, used 3735K [0x0000000601000000, 0x0000000800000000)
  region size 4096K, 1 young (4096K), 1 survivors (4096K)
 Metaspace       used 9971K, committed 10240K, reserved 1064960K
  class space    used 682K, committed 832K, reserved 1048576K
}
Event: 2.274 GC heap before
{Heap before GC invocations=11 (full 3):
 garbage-first heap   total 270336K, used 159383K [0x0000000601000000, 0x0000000800000000)
  region size 4096K, 39 young (159744K), 1 survivors (4096K)
 Metaspace       used 9971K, committed 10240K, reserved 1064960K
  class space    used 682K, committed 832K, reserved 1048576K
}
Event: 2.274 GC heap after
{Heap after GC invocations=12 (full 3):
 garbage-first heap   total 270336K, used 3732K [0x0000000601000000, 0x0000000800000000)
  region size 4096K, 1 young (4096K), 1 survivors (4096K)
 Metaspace       used 9971K, committed 10240K, reserved 1064960K
  class space    used 682K, committed 832K, reserved 1048576K
}
Event: 2.627 GC heap before
{Heap before GC invocations=12 (full 3):
 garbage-first heap   total 270336K, used 159380K [0x0000000601000000, 0x0000000800000000)
  region size 4096K, 39 young (159744K), 1 survivors (4096K)
 Metaspace       used 9971K, committed 10240K, reserved 1064960K
  class space    used 682K, committed 832K, reserved 1048576K
}
Event: 2.628 GC heap after
{Heap after GC invocations=13 (full 3):
 garbage-first heap   total 270336K, used 3734K [0x0000000601000000, 0x0000000800000000)
  region size 4096K, 1 young (4096K), 1 survivors (4096K)
 Metaspace       used 9971K, committed 10240K, reserved 1064960K
  class space    used 682K, committed 832K, reserved 1048576K
}
Event: 2.977 GC heap before
{Heap before GC invocations=13 (full 3):
 garbage-first heap   total 270336K, used 159382K [0x0000000601000000, 0x0000000800000000)
  region size 4096K, 39 young (159744K), 1 survivors (4096K)
 Metaspace       used 9971K, committed 10240K, reserved 1064960K
  class space    used 682K, committed 832K, reserved 1048576K
}
Event: 2.978 GC heap after
{Heap after GC invocations=14 (full 3):
 garbage-first heap   total 270336K, used 3736K [0x0000000601000000, 0x0000000800000000)
  region size 4096K, 1 young (4096K), 1 survivors (4096K)
 Metaspace       used 9971K, committed 10240K, reserved 1064960K
  class space    used 682K, committed 832K, reserved 1048576K
}
Event: 3.340 GC heap before
{Heap before GC invocations=14 (full 3):
 garbage-first heap   total 270336K, used 159384K [0x0000000601000000, 0x0000000800000000)
  region size 4096K, 39 young (159744K), 1 survivors (4096K)
 Metaspace       used 9971K, committed 10240K, reserved 1064960K
  class space    used 682K, committed 832K, reserved 1048576K
}
Event: 3.340 GC heap after
{Heap after GC invocations=15 (full 3):
 garbage-first heap   total 270336K, used 3735K [0x0000000601000000, 0x0000000800000000)
  region size 4096K, 1 young (4096K), 1 survivors (4096K)
 Metaspace       used 9971K, committed 10240K, reserved 1064960K
  class space    used 682K, committed 832K, reserved 1048576K
}
Event: 3.690 GC heap before
{Heap before GC invocations=15 (full 3):
 garbage-first heap   total 270336K, used 159383K [0x0000000601000000, 0x0000000800000000)
  region size 4096K, 39 young (159744K), 1 survivors (4096K)
 Metaspace       used 9971K, committed 10240K, reserved 1064960K
  class space    used 682K, committed 832K, reserved 1048576K
}
Event: 3.691 GC heap after
{Heap after GC invocations=16 (full 3):
 garbage-first heap   total 270336K, used 3730K [0x0000000601000000, 0x0000000800000000)
  region size 4096K, 1 young (4096K), 1 survivors (4096K)
 Metaspace       used 9971K, committed 10240K, reserved 1064960K
  class space    used 682K, committed 832K, reserved 1048576K
}
Event: 4.064 GC heap before
{Heap before GC invocations=16 (full 3):
 garbage-first heap   total 270336K, used 159378K [0x0000000601000000, 0x0000000800000000)
  region size 4096K, 39 young (159744K), 1 survivors (4096K)
 Metaspace       used 10498K, committed 10816K, reserved 1064960K
  class space    used 745K, committed 896K, reserved 1048576K
}
Event: 4.065 GC heap after
{Heap after GC invocations=17 (full 3):
 garbage-first heap   total 270336K, used 3986K [0x0000000601000000, 0x0000000800000000)
  region size 4096K, 1 young (4096K), 1 survivors (4096K)
 Metaspace       used 10498K, committed 10816K, reserved 1064960K
  class space    used 745K, committed 896K, reserved 1048576K
}
Event: 4.367 GC heap before
{Heap before GC invocations=17 (full 3):
 garbage-first heap   total 270336K, used 159634K [0x0000000601000000, 0x0000000800000000)
  region size 4096K, 39 young (159744K), 1 survivors (4096K)
 Metaspace       used 10507K, committed 10816K, reserved 1064960K
  class space    used 745K, committed 896K, reserved 1048576K
}
Event: 4.368 GC heap after
{Heap after GC invocations=18 (full 3):
 garbage-first heap   total 270336K, used 3992K [0x0000000601000000, 0x0000000800000000)
  region size 4096K, 1 young (4096K), 1 survivors (4096K)
 Metaspace       used 10507K, committed 10816K, reserved 1064960K
  class space    used 745K, committed 896K, reserved 1048576K
}
Event: 7.193 GC heap before
{Heap before GC invocations=18 (full 3):
 garbage-first heap   total 270336K, used 159640K [0x0000000601000000, 0x0000000800000000)
  region size 4096K, 39 young (159744K), 1 survivors (4096K)
 Metaspace       used 10588K, committed 10880K, reserved 1064960K
  class space    used 750K, committed 896K, reserved 1048576K
}
Event: 7.194 GC heap after
{Heap after GC invocations=19 (full 3):
 garbage-first heap   total 270336K, used 4017K [0x0000000601000000, 0x0000000800000000)
  region size 4096K, 1 young (4096K), 1 survivors (4096K)
 Metaspace       used 10588K, committed 10880K, reserved 1064960K
  class space    used 750K, committed 896K, reserved 1048576K
}

