# JRE version: OpenJDK Runtime Environment Corretto-17.0.6.10.1 (17.0.6+10) (build 17.0.6+10-LTS)
# Java VM: OpenJDK 64-Bit Server VM Corretto-17.0.6.10.1 (17.0.6+10-LTS, mixed mode, sharing, tiered, compressed oops, compressed class ptrs, g1 gc, windows-amd64)
GC Precious Log:
 CPUs: 16 total, 16 available
 Memory: 32694M
 Large Page Support: Disabled
 NUMA Support: Disabled
 Compressed Oops: Enabled (Zero based)
 Heap Region Size: 4M
 Heap Min Capacity: 8M
 Heap Initial Capacity: 512M
 Heap Max Capacity: 8176M
 Pre-touch: Disabled
 Parallel Workers: 13
 Concurrent Workers: 3
 Concurrent Refinement Workers: 13
 Periodic GC: Disabled
Heap:
 garbage-first heap   total 28672K, used 9835K [0x0000000601000000, 0x0000000800000000)
  region size 4096K, 3 young (12288K), 1 survivors (4096K)
 Metaspace       used 14228K, committed 14592K, reserved 1064960K
  class space    used 988K, committed 1152K, reserved 1048576K
GC Heap History (20 events):
Event: 10.239 GC heap before
{Heap before GC invocations=11 (full 3):
 garbage-first heap   total 28672K, used 10188K [0x0000000601000000, 0x0000000800000000)
  region size 4096K, 2 young (8192K), 1 survivors (4096K)
 Metaspace       used 11830K, committed 12096K, reserved 1064960K
  class space    used 883K, committed 1024K, reserved 1048576K
}
Event: 10.240 GC heap after
{Heap after GC invocations=12 (full 3):
 garbage-first heap   total 28672K, used 11218K [0x0000000601000000, 0x0000000800000000)
  region size 4096K, 1 young (4096K), 1 survivors (4096K)
 Metaspace       used 11830K, committed 12096K, reserved 1064960K
  class space    used 883K, committed 1024K, reserved 1048576K
}
Event: 10.241 GC heap before
{Heap before GC invocations=12 (full 3):
 garbage-first heap   total 28672K, used 19410K [0x0000000601000000, 0x0000000800000000)
  region size 4096K, 1 young (4096K), 1 survivors (4096K)
 Metaspace       used 11830K, committed 12096K, reserved 1064960K
  class space    used 883K, committed 1024K, reserved 1048576K
}
Event: 10.242 GC heap after
{Heap after GC invocations=13 (full 3):
 garbage-first heap   total 32768K, used 19385K [0x0000000601000000, 0x0000000800000000)
  region size 4096K, 1 young (4096K), 1 survivors (4096K)
 Metaspace       used 11830K, committed 12096K, reserved 1064960K
  class space    used 883K, committed 1024K, reserved 1048576K
}
Event: 10.245 GC heap before
{Heap before GC invocations=13 (full 3):
 garbage-first heap   total 32768K, used 19385K [0x0000000601000000, 0x0000000800000000)
  region size 4096K, 2 young (8192K), 1 survivors (4096K)
 Metaspace       used 11830K, committed 12096K, reserved 1064960K
  class space    used 883K, committed 1024K, reserved 1048576K
}
Event: 10.245 GC heap after
{Heap after GC invocations=14 (full 3):
 garbage-first heap   total 36864K, used 20413K [0x0000000601000000, 0x0000000800000000)
  region size 4096K, 1 young (4096K), 1 survivors (4096K)
 Metaspace       used 11830K, committed 12096K, reserved 1064960K
  class space    used 883K, committed 1024K, reserved 1048576K
}
Event: 10.364 GC heap before
{Heap before GC invocations=15 (full 3):
 garbage-first heap   total 151552K, used 135101K [0x0000000601000000, 0x0000000800000000)
  region size 4096K, 2 young (8192K), 1 survivors (4096K)
 Metaspace       used 11946K, committed 12224K, reserved 1064960K
  class space    used 888K, committed 1024K, reserved 1048576K
}
Event: 10.364 GC heap after
{Heap after GC invocations=16 (full 3):
 garbage-first heap   total 151552K, used 89091K [0x0000000601000000, 0x0000000800000000)
  region size 4096K, 1 young (4096K), 1 survivors (4096K)
 Metaspace       used 11946K, committed 12224K, reserved 1064960K
  class space    used 888K, committed 1024K, reserved 1048576K
}
Event: 10.419 GC heap before
{Heap before GC invocations=16 (full 3):
 garbage-first heap   total 151552K, used 93187K [0x0000000601000000, 0x0000000800000000)
  region size 4096K, 2 young (8192K), 1 survivors (4096K)
 Metaspace       used 11946K, committed 12224K, reserved 1064960K
  class space    used 888K, committed 1024K, reserved 1048576K
}
Event: 10.420 GC heap after
{Heap after GC invocations=17 (full 3):
 garbage-first heap   total 151552K, used 89102K [0x0000000601000000, 0x0000000800000000)
  region size 4096K, 1 young (4096K), 1 survivors (4096K)
 Metaspace       used 11946K, committed 12224K, reserved 1064960K
  class space    used 888K, committed 1024K, reserved 1048576K
}
Event: 10.867 GC heap before
{Heap before GC invocations=17 (full 3):
 garbage-first heap   total 151552K, used 121870K [0x0000000601000000, 0x0000000800000000)
  region size 4096K, 9 young (36864K), 1 survivors (4096K)
 Metaspace       used 11951K, committed 12224K, reserved 1064960K
  class space    used 889K, committed 1024K, reserved 1048576K
}
Event: 10.868 GC heap after
{Heap after GC invocations=18 (full 3):
 garbage-first heap   total 151552K, used 89105K [0x0000000601000000, 0x0000000800000000)
  region size 4096K, 1 young (4096K), 1 survivors (4096K)
 Metaspace       used 11951K, committed 12224K, reserved 1064960K
  class space    used 889K, committed 1024K, reserved 1048576K
}
Event: 11.366 GC heap before
{Heap before GC invocations=19 (full 3):
 garbage-first heap   total 163840K, used 125969K [0x0000000601000000, 0x0000000800000000)
  region size 4096K, 10 young (40960K), 1 survivors (4096K)
 Metaspace       used 11951K, committed 12224K, reserved 1064960K
  class space    used 889K, committed 1024K, reserved 1048576K
}
Event: 11.367 GC heap after
{Heap after GC invocations=20 (full 3):
 garbage-first heap   total 163840K, used 6159K [0x0000000601000000, 0x0000000800000000)
  region size 4096K, 1 young (4096K), 1 survivors (4096K)
 Metaspace       used 11951K, committed 12224K, reserved 1064960K
  class space    used 889K, committed 1024K, reserved 1048576K
}
Event: 13.793 GC heap before
{Heap before GC invocations=20 (full 3):
 garbage-first heap   total 163840K, used 51215K [0x0000000601000000, 0x0000000800000000)
  region size 4096K, 14 young (57344K), 1 survivors (4096K)
 Metaspace       used 12220K, committed 12480K, reserved 1064960K
  class space    used 907K, committed 1024K, reserved 1048576K
}
Event: 13.799 GC heap after
{Heap after GC invocations=21 (full 4):
 garbage-first heap   total 57344K, used 5674K [0x0000000601000000, 0x0000000800000000)
  region size 4096K, 0 young (0K), 0 survivors (0K)
 Metaspace       used 12220K, committed 12480K, reserved 1064960K
  class space    used 907K, committed 1024K, reserved 1048576K
}
Event: 13.800 GC heap before
{Heap before GC invocations=21 (full 4):
 garbage-first heap   total 57344K, used 5674K [0x0000000601000000, 0x0000000800000000)
  region size 4096K, 1 young (4096K), 0 survivors (0K)
 Metaspace       used 12221K, committed 12480K, reserved 1064960K
  class space    used 907K, committed 1024K, reserved 1048576K
}
Event: 13.809 GC heap after
{Heap after GC invocations=22 (full 5):
 garbage-first heap   total 28672K, used 5638K [0x0000000601000000, 0x0000000800000000)
  region size 4096K, 0 young (0K), 0 survivors (0K)
 Metaspace       used 12221K, committed 12480K, reserved 1064960K
  class space    used 907K, committed 1024K, reserved 1048576K
}
Event: 15.970 GC heap before
{Heap before GC invocations=22 (full 5):
 garbage-first heap   total 28672K, used 17926K [0x0000000601000000, 0x0000000800000000)
  region size 4096K, 3 young (12288K), 0 survivors (0K)
 Metaspace       used 14164K, committed 14464K, reserved 1064960K
  class space    used 984K, committed 1152K, reserved 1048576K
}
Event: 15.971 GC heap after
{Heap after GC invocations=23 (full 5):
 garbage-first heap   total 28672K, used 5739K [0x0000000601000000, 0x0000000800000000)
  region size 4096K, 1 young (4096K), 1 survivors (4096K)
 Metaspace       used 14164K, committed 14464K, reserved 1064960K
  class space    used 984K, committed 1152K, reserved 1048576K
}

