# JRE version: OpenJDK Runtime Environment Corretto-17.0.6.10.1 (17.0.6+10) (build 17.0.6+10-LTS)
# Java VM: OpenJDK 64-Bit Server VM Corretto-17.0.6.10.1 (17.0.6+10-LTS, mixed mode, sharing, tiered, compressed oops, compressed class ptrs, g1 gc, windows-amd64)
GC Precious Log:
 CPUs: 16 total, 16 available
 Memory: 32694M
 Large Page Support: Disabled
 NUMA Support: Disabled
 Compressed Oops: Enabled (Zero based)
 Heap Region Size: 4M
 Heap Min Capacity: 8M
 Heap Initial Capacity: 512M
 Heap Max Capacity: 8176M
 Pre-touch: Disabled
 Parallel Workers: 13
 Concurrent Workers: 3
 Concurrent Refinement Workers: 13
 Periodic GC: Disabled
Heap:
 garbage-first heap   total 28672K, used 4293K [0x0000000601000000, 0x0000000800000000)
  region size 4096K, 1 young (4096K), 0 survivors (0K)
 Metaspace       used 12906K, committed 13120K, reserved 1064960K
  class space    used 921K, committed 1024K, reserved 1048576K
GC Heap History (20 events):
Event: 3.234 GC heap before
{Heap before GC invocations=5 (full 3):
 garbage-first heap   total 16384K, used 3830K [0x0000000601000000, 0x0000000800000000)
  region size 4096K, 2 young (8192K), 1 survivors (4096K)
 Metaspace       used 9479K, committed 9792K, reserved 1064960K
  class space    used 689K, committed 832K, reserved 1048576K
}
Event: 3.235 GC heap after
{Heap after GC invocations=6 (full 3):
 garbage-first heap   total 16384K, used 3834K [0x0000000601000000, 0x0000000800000000)
  region size 4096K, 1 young (4096K), 1 survivors (4096K)
 Metaspace       used 9479K, committed 9792K, reserved 1064960K
  class space    used 689K, committed 832K, reserved 1048576K
}
Event: 3.262 GC heap before
{Heap before GC invocations=6 (full 3):
 garbage-first heap   total 16384K, used 3834K [0x0000000601000000, 0x0000000800000000)
  region size 4096K, 2 young (8192K), 1 survivors (4096K)
 Metaspace       used 9485K, committed 9792K, reserved 1064960K
  class space    used 689K, committed 832K, reserved 1048576K
}
Event: 3.262 GC heap after
{Heap after GC invocations=7 (full 3):
 garbage-first heap   total 16384K, used 3834K [0x0000000601000000, 0x0000000800000000)
  region size 4096K, 1 young (4096K), 1 survivors (4096K)
 Metaspace       used 9485K, committed 9792K, reserved 1064960K
  class space    used 689K, committed 832K, reserved 1048576K
}
Event: 3.288 GC heap before
{Heap before GC invocations=7 (full 3):
 garbage-first heap   total 16384K, used 3834K [0x0000000601000000, 0x0000000800000000)
  region size 4096K, 2 young (8192K), 1 survivors (4096K)
 Metaspace       used 9491K, committed 9792K, reserved 1064960K
  class space    used 689K, committed 832K, reserved 1048576K
}
Event: 3.289 GC heap after
{Heap after GC invocations=8 (full 3):
 garbage-first heap   total 270336K, used 3839K [0x0000000601000000, 0x0000000800000000)
  region size 4096K, 1 young (4096K), 1 survivors (4096K)
 Metaspace       used 9491K, committed 9792K, reserved 1064960K
  class space    used 689K, committed 832K, reserved 1048576K
}
Event: 4.094 GC heap before
{Heap before GC invocations=8 (full 3):
 garbage-first heap   total 270336K, used 159487K [0x0000000601000000, 0x0000000800000000)
  region size 4096K, 39 young (159744K), 1 survivors (4096K)
 Metaspace       used 9861K, committed 10112K, reserved 1064960K
  class space    used 691K, committed 832K, reserved 1048576K
}
Event: 4.094 GC heap after
{Heap after GC invocations=9 (full 3):
 garbage-first heap   total 270336K, used 3851K [0x0000000601000000, 0x0000000800000000)
  region size 4096K, 1 young (4096K), 1 survivors (4096K)
 Metaspace       used 9861K, committed 10112K, reserved 1064960K
  class space    used 691K, committed 832K, reserved 1048576K
}
Event: 4.772 GC heap before
{Heap before GC invocations=9 (full 3):
 garbage-first heap   total 270336K, used 159499K [0x0000000601000000, 0x0000000800000000)
  region size 4096K, 39 young (159744K), 1 survivors (4096K)
 Metaspace       used 9866K, committed 10112K, reserved 1064960K
  class space    used 692K, committed 832K, reserved 1048576K
}
Event: 4.772 GC heap after
{Heap after GC invocations=10 (full 3):
 garbage-first heap   total 270336K, used 3850K [0x0000000601000000, 0x0000000800000000)
  region size 4096K, 1 young (4096K), 1 survivors (4096K)
 Metaspace       used 9866K, committed 10112K, reserved 1064960K
  class space    used 692K, committed 832K, reserved 1048576K
}
Event: 5.476 GC heap before
{Heap before GC invocations=10 (full 3):
 garbage-first heap   total 270336K, used 159498K [0x0000000601000000, 0x0000000800000000)
  region size 4096K, 39 young (159744K), 1 survivors (4096K)
 Metaspace       used 9866K, committed 10112K, reserved 1064960K
  class space    used 692K, committed 832K, reserved 1048576K
}
Event: 5.477 GC heap after
{Heap after GC invocations=11 (full 3):
 garbage-first heap   total 270336K, used 3852K [0x0000000601000000, 0x0000000800000000)
  region size 4096K, 1 young (4096K), 1 survivors (4096K)
 Metaspace       used 9866K, committed 10112K, reserved 1064960K
  class space    used 692K, committed 832K, reserved 1048576K
}
Event: 6.202 GC heap before
{Heap before GC invocations=11 (full 3):
 garbage-first heap   total 270336K, used 237324K [0x0000000601000000, 0x0000000800000000)
  region size 4096K, 39 young (159744K), 1 survivors (4096K)
 Metaspace       used 10362K, committed 10624K, reserved 1064960K
  class space    used 759K, committed 896K, reserved 1048576K
}
Event: 6.203 GC heap after
{Heap after GC invocations=12 (full 3):
 garbage-first heap   total 270336K, used 87949K [0x0000000601000000, 0x0000000800000000)
  region size 4096K, 1 young (4096K), 1 survivors (4096K)
 Metaspace       used 10362K, committed 10624K, reserved 1064960K
  class space    used 759K, committed 896K, reserved 1048576K
}
Event: 6.723 GC heap before
{Heap before GC invocations=12 (full 3):
 garbage-first heap   total 270336K, used 259981K [0x0000000601000000, 0x0000000800000000)
  region size 4096K, 33 young (135168K), 1 survivors (4096K)
 Metaspace       used 10449K, committed 10688K, reserved 1064960K
  class space    used 764K, committed 896K, reserved 1048576K
}
Event: 6.724 GC heap after
{Heap after GC invocations=13 (full 3):
 garbage-first heap   total 270336K, used 4015K [0x0000000601000000, 0x0000000800000000)
  region size 4096K, 1 young (4096K), 1 survivors (4096K)
 Metaspace       used 10449K, committed 10688K, reserved 1064960K
  class space    used 764K, committed 896K, reserved 1048576K
}
Event: 9.692 GC heap before
{Heap before GC invocations=13 (full 3):
 garbage-first heap   total 270336K, used 85935K [0x0000000601000000, 0x0000000800000000)
  region size 4096K, 22 young (90112K), 1 survivors (4096K)
 Metaspace       used 11270K, committed 11520K, reserved 1064960K
  class space    used 856K, committed 960K, reserved 1048576K
}
Event: 9.698 GC heap after
{Heap after GC invocations=14 (full 4):
 garbage-first heap   total 81920K, used 4298K [0x0000000601000000, 0x0000000800000000)
  region size 4096K, 0 young (0K), 0 survivors (0K)
 Metaspace       used 11270K, committed 11520K, reserved 1064960K
  class space    used 856K, committed 960K, reserved 1048576K
}
Event: 9.699 GC heap before
{Heap before GC invocations=14 (full 4):
 garbage-first heap   total 81920K, used 4298K [0x0000000601000000, 0x0000000800000000)
  region size 4096K, 1 young (4096K), 0 survivors (0K)
 Metaspace       used 11272K, committed 11520K, reserved 1064960K
  class space    used 856K, committed 960K, reserved 1048576K
}
Event: 9.705 GC heap after
{Heap after GC invocations=15 (full 5):
 garbage-first heap   total 28672K, used 4293K [0x0000000601000000, 0x0000000800000000)
  region size 4096K, 0 young (0K), 0 survivors (0K)
 Metaspace       used 11272K, committed 11520K, reserved 1064960K
  class space    used 856K, committed 960K, reserved 1048576K
}

