# JRE version: OpenJDK Runtime Environment JBR-17.0.5+1-653.25-jcef (17.0.5+1) (build 17.0.5+1-b653.25)
# Java VM: OpenJDK 64-Bit Server VM JBR-17.0.5+1-653.25-jcef (17.0.5+1-b653.25, mixed mode, tiered, compressed oops, compressed class ptrs, g1 gc, windows-amd64)
GC Precious Log:
 CPUs: 16 total, 16 available
 Memory: 32694M
 Large Page Support: Disabled
 NUMA Support: Disabled
 Compressed Oops: Enabled (Zero based)
 Heap Region Size: 4M
 Heap Min Capacity: 8M
 Heap Initial Capacity: 512M
 Heap Max Capacity: 8176M
 Pre-touch: Disabled
 Parallel Workers: 13
 Concurrent Workers: 3
 Concurrent Refinement Workers: 13
 Periodic GC: Disabled
Heap:
 garbage-first heap   total 28672K, used 5117K [0x0000000601000000, 0x0000000800000000)
  region size 4096K, 1 young (4096K), 0 survivors (0K)
 Metaspace       used 22004K, committed 22400K, reserved 1073152K
  class space    used 1726K, committed 1920K, reserved 1048576K
GC Heap History (20 events):
Event: 43.702 GC heap before
{Heap before GC invocations=1030 (full 7):
 garbage-first heap   total 40960K, used 17520K [0x0000000601000000, 0x0000000800000000)
  region size 4096K, 4 young (16384K), 1 survivors (4096K)
 Metaspace       used 21913K, committed 22272K, reserved 1073152K
  class space    used 1725K, committed 1920K, reserved 1048576K
}
Event: 43.702 GC heap after
{Heap after GC invocations=1031 (full 7):
 garbage-first heap   total 40960K, used 5230K [0x0000000601000000, 0x0000000800000000)
  region size 4096K, 1 young (4096K), 1 survivors (4096K)
 Metaspace       used 21913K, committed 22272K, reserved 1073152K
  class space    used 1725K, committed 1920K, reserved 1048576K
}
Event: 43.740 GC heap before
{Heap before GC invocations=1031 (full 7):
 garbage-first heap   total 40960K, used 17518K [0x0000000601000000, 0x0000000800000000)
  region size 4096K, 4 young (16384K), 1 survivors (4096K)
 Metaspace       used 21927K, committed 22272K, reserved 1073152K
  class space    used 1725K, committed 1920K, reserved 1048576K
}
Event: 43.740 GC heap after
{Heap after GC invocations=1032 (full 7):
 garbage-first heap   total 40960K, used 5233K [0x0000000601000000, 0x0000000800000000)
  region size 4096K, 1 young (4096K), 1 survivors (4096K)
 Metaspace       used 21927K, committed 22272K, reserved 1073152K
  class space    used 1725K, committed 1920K, reserved 1048576K
}
Event: 43.781 GC heap before
{Heap before GC invocations=1032 (full 7):
 garbage-first heap   total 40960K, used 17521K [0x0000000601000000, 0x0000000800000000)
  region size 4096K, 4 young (16384K), 1 survivors (4096K)
 Metaspace       used 21927K, committed 22272K, reserved 1073152K
  class space    used 1725K, committed 1920K, reserved 1048576K
}
Event: 43.781 GC heap after
{Heap after GC invocations=1033 (full 7):
 garbage-first heap   total 40960K, used 5230K [0x0000000601000000, 0x0000000800000000)
  region size 4096K, 1 young (4096K), 1 survivors (4096K)
 Metaspace       used 21927K, committed 22272K, reserved 1073152K
  class space    used 1725K, committed 1920K, reserved 1048576K
}
Event: 43.824 GC heap before
{Heap before GC invocations=1033 (full 7):
 garbage-first heap   total 40960K, used 17518K [0x0000000601000000, 0x0000000800000000)
  region size 4096K, 4 young (16384K), 1 survivors (4096K)
 Metaspace       used 21947K, committed 22272K, reserved 1073152K
  class space    used 1728K, committed 1920K, reserved 1048576K
}
Event: 43.824 GC heap after
{Heap after GC invocations=1034 (full 7):
 garbage-first heap   total 40960K, used 5237K [0x0000000601000000, 0x0000000800000000)
  region size 4096K, 1 young (4096K), 1 survivors (4096K)
 Metaspace       used 21947K, committed 22272K, reserved 1073152K
  class space    used 1728K, committed 1920K, reserved 1048576K
}
Event: 43.866 GC heap before
{Heap before GC invocations=1034 (full 7):
 garbage-first heap   total 40960K, used 17525K [0x0000000601000000, 0x0000000800000000)
  region size 4096K, 4 young (16384K), 1 survivors (4096K)
 Metaspace       used 21960K, committed 22272K, reserved 1073152K
  class space    used 1728K, committed 1920K, reserved 1048576K
}
Event: 43.866 GC heap after
{Heap after GC invocations=1035 (full 7):
 garbage-first heap   total 40960K, used 5239K [0x0000000601000000, 0x0000000800000000)
  region size 4096K, 1 young (4096K), 1 survivors (4096K)
 Metaspace       used 21960K, committed 22272K, reserved 1073152K
  class space    used 1728K, committed 1920K, reserved 1048576K
}
Event: 43.903 GC heap before
{Heap before GC invocations=1035 (full 7):
 garbage-first heap   total 40960K, used 17527K [0x0000000601000000, 0x0000000800000000)
  region size 4096K, 4 young (16384K), 1 survivors (4096K)
 Metaspace       used 21964K, committed 22336K, reserved 1073152K
  class space    used 1728K, committed 1920K, reserved 1048576K
}
Event: 43.904 GC heap after
{Heap after GC invocations=1036 (full 7):
 garbage-first heap   total 40960K, used 5239K [0x0000000601000000, 0x0000000800000000)
  region size 4096K, 1 young (4096K), 1 survivors (4096K)
 Metaspace       used 21964K, committed 22336K, reserved 1073152K
  class space    used 1728K, committed 1920K, reserved 1048576K
}
Event: 43.942 GC heap before
{Heap before GC invocations=1036 (full 7):
 garbage-first heap   total 40960K, used 17527K [0x0000000601000000, 0x0000000800000000)
  region size 4096K, 4 young (16384K), 1 survivors (4096K)
 Metaspace       used 21964K, committed 22336K, reserved 1073152K
  class space    used 1728K, committed 1920K, reserved 1048576K
}
Event: 43.942 GC heap after
{Heap after GC invocations=1037 (full 7):
 garbage-first heap   total 40960K, used 5237K [0x0000000601000000, 0x0000000800000000)
  region size 4096K, 1 young (4096K), 1 survivors (4096K)
 Metaspace       used 21964K, committed 22336K, reserved 1073152K
  class space    used 1728K, committed 1920K, reserved 1048576K
}
Event: 43.983 GC heap before
{Heap before GC invocations=1037 (full 7):
 garbage-first heap   total 40960K, used 17525K [0x0000000601000000, 0x0000000800000000)
  region size 4096K, 4 young (16384K), 1 survivors (4096K)
 Metaspace       used 21964K, committed 22336K, reserved 1073152K
  class space    used 1728K, committed 1920K, reserved 1048576K
}
Event: 43.983 GC heap after
{Heap after GC invocations=1038 (full 7):
 garbage-first heap   total 40960K, used 5236K [0x0000000601000000, 0x0000000800000000)
  region size 4096K, 1 young (4096K), 1 survivors (4096K)
 Metaspace       used 21964K, committed 22336K, reserved 1073152K
  class space    used 1728K, committed 1920K, reserved 1048576K
}
Event: 44.073 GC heap before
{Heap before GC invocations=1038 (full 7):
 garbage-first heap   total 40960K, used 17524K [0x0000000601000000, 0x0000000800000000)
  region size 4096K, 4 young (16384K), 1 survivors (4096K)
 Metaspace       used 21998K, committed 22400K, reserved 1073152K
  class space    used 1729K, committed 1920K, reserved 1048576K
}
Event: 44.074 GC heap after
{Heap after GC invocations=1039 (full 7):
 garbage-first heap   total 40960K, used 7283K [0x0000000601000000, 0x0000000800000000)
  region size 4096K, 1 young (4096K), 1 survivors (4096K)
 Metaspace       used 21998K, committed 22400K, reserved 1073152K
  class space    used 1729K, committed 1920K, reserved 1048576K
}
Event: 44.131 GC heap before
{Heap before GC invocations=1039 (full 7):
 garbage-first heap   total 40960K, used 11379K [0x0000000601000000, 0x0000000800000000)
  region size 4096K, 3 young (12288K), 1 survivors (4096K)
 Metaspace       used 22024K, committed 22400K, reserved 1073152K
  class space    used 1731K, committed 1920K, reserved 1048576K
}
Event: 44.146 GC heap after
{Heap after GC invocations=1040 (full 8):
 garbage-first heap   total 28672K, used 5117K [0x0000000601000000, 0x0000000800000000)
  region size 4096K, 0 young (0K), 0 survivors (0K)
 Metaspace       used 21999K, committed 22400K, reserved 1073152K
  class space    used 1725K, committed 1920K, reserved 1048576K
}

