# JRE version: OpenJDK Runtime Environment JBR-17.0.5+1-653.25-jcef (17.0.5+1) (build 17.0.5+1-b653.25)
# Java VM: OpenJDK 64-Bit Server VM JBR-17.0.5+1-653.25-jcef (17.0.5+1-b653.25, mixed mode, tiered, compressed oops, compressed class ptrs, g1 gc, windows-amd64)
GC Precious Log:
 CPUs: 16 total, 16 available
 Memory: 32694M
 Large Page Support: Disabled
 NUMA Support: Disabled
 Compressed Oops: Enabled (Zero based)
 Heap Region Size: 4M
 Heap Min Capacity: 8M
 Heap Initial Capacity: 512M
 Heap Max Capacity: 8176M
 Pre-touch: Disabled
 Parallel Workers: 13
 Concurrent Workers: 3
 Concurrent Refinement Workers: 13
 Periodic GC: Disabled
Heap:
 garbage-first heap   total 28672K, used 5389K [0x0000000601000000, 0x0000000800000000)
  region size 4096K, 1 young (4096K), 0 survivors (0K)
 Metaspace       used 21801K, committed 22208K, reserved 1073152K
  class space    used 1722K, committed 1920K, reserved 1048576K
GC Heap History (20 events):
Event: 6.357 GC heap before
{Heap before GC invocations=112 (full 7):
 garbage-first heap   total 57344K, used 29618K [0x0000000601000000, 0x0000000800000000)
  region size 4096K, 7 young (28672K), 1 survivors (4096K)
 Metaspace       used 21488K, committed 21760K, reserved 1073152K
  class space    used 1707K, committed 1856K, reserved 1048576K
}
Event: 6.357 GC heap after
{Heap after GC invocations=113 (full 7):
 garbage-first heap   total 57344K, used 5039K [0x0000000601000000, 0x0000000800000000)
  region size 4096K, 1 young (4096K), 1 survivors (4096K)
 Metaspace       used 21488K, committed 21760K, reserved 1073152K
  class space    used 1707K, committed 1856K, reserved 1048576K
}
Event: 6.439 GC heap before
{Heap before GC invocations=113 (full 7):
 garbage-first heap   total 57344K, used 29615K [0x0000000601000000, 0x0000000800000000)
  region size 4096K, 7 young (28672K), 1 survivors (4096K)
 Metaspace       used 21488K, committed 21760K, reserved 1073152K
  class space    used 1707K, committed 1856K, reserved 1048576K
}
Event: 6.439 GC heap after
{Heap after GC invocations=114 (full 7):
 garbage-first heap   total 57344K, used 5039K [0x0000000601000000, 0x0000000800000000)
  region size 4096K, 1 young (4096K), 1 survivors (4096K)
 Metaspace       used 21488K, committed 21760K, reserved 1073152K
  class space    used 1707K, committed 1856K, reserved 1048576K
}
Event: 6.523 GC heap before
{Heap before GC invocations=114 (full 7):
 garbage-first heap   total 57344K, used 29615K [0x0000000601000000, 0x0000000800000000)
  region size 4096K, 7 young (28672K), 1 survivors (4096K)
 Metaspace       used 21491K, committed 21760K, reserved 1073152K
  class space    used 1707K, committed 1856K, reserved 1048576K
}
Event: 6.524 GC heap after
{Heap after GC invocations=115 (full 7):
 garbage-first heap   total 57344K, used 5032K [0x0000000601000000, 0x0000000800000000)
  region size 4096K, 1 young (4096K), 1 survivors (4096K)
 Metaspace       used 21491K, committed 21760K, reserved 1073152K
  class space    used 1707K, committed 1856K, reserved 1048576K
}
Event: 6.602 GC heap before
{Heap before GC invocations=115 (full 7):
 garbage-first heap   total 57344K, used 29608K [0x0000000601000000, 0x0000000800000000)
  region size 4096K, 7 young (28672K), 1 survivors (4096K)
 Metaspace       used 21491K, committed 21760K, reserved 1073152K
  class space    used 1707K, committed 1856K, reserved 1048576K
}
Event: 6.602 GC heap after
{Heap after GC invocations=116 (full 7):
 garbage-first heap   total 57344K, used 5035K [0x0000000601000000, 0x0000000800000000)
  region size 4096K, 1 young (4096K), 1 survivors (4096K)
 Metaspace       used 21491K, committed 21760K, reserved 1073152K
  class space    used 1707K, committed 1856K, reserved 1048576K
}
Event: 6.682 GC heap before
{Heap before GC invocations=116 (full 7):
 garbage-first heap   total 57344K, used 29611K [0x0000000601000000, 0x0000000800000000)
  region size 4096K, 7 young (28672K), 1 survivors (4096K)
 Metaspace       used 21492K, committed 21760K, reserved 1073152K
  class space    used 1707K, committed 1856K, reserved 1048576K
}
Event: 6.682 GC heap after
{Heap after GC invocations=117 (full 7):
 garbage-first heap   total 57344K, used 5037K [0x0000000601000000, 0x0000000800000000)
  region size 4096K, 1 young (4096K), 1 survivors (4096K)
 Metaspace       used 21492K, committed 21760K, reserved 1073152K
  class space    used 1707K, committed 1856K, reserved 1048576K
}
Event: 6.768 GC heap before
{Heap before GC invocations=117 (full 7):
 garbage-first heap   total 57344K, used 29613K [0x0000000601000000, 0x0000000800000000)
  region size 4096K, 7 young (28672K), 1 survivors (4096K)
 Metaspace       used 21531K, committed 21824K, reserved 1073152K
  class space    used 1707K, committed 1856K, reserved 1048576K
}
Event: 6.768 GC heap after
{Heap after GC invocations=118 (full 7):
 garbage-first heap   total 57344K, used 5041K [0x0000000601000000, 0x0000000800000000)
  region size 4096K, 1 young (4096K), 1 survivors (4096K)
 Metaspace       used 21531K, committed 21824K, reserved 1073152K
  class space    used 1707K, committed 1856K, reserved 1048576K
}
Event: 6.848 GC heap before
{Heap before GC invocations=118 (full 7):
 garbage-first heap   total 57344K, used 29617K [0x0000000601000000, 0x0000000800000000)
  region size 4096K, 7 young (28672K), 1 survivors (4096K)
 Metaspace       used 21531K, committed 21824K, reserved 1073152K
  class space    used 1707K, committed 1856K, reserved 1048576K
}
Event: 6.848 GC heap after
{Heap after GC invocations=119 (full 7):
 garbage-first heap   total 57344K, used 5040K [0x0000000601000000, 0x0000000800000000)
  region size 4096K, 1 young (4096K), 1 survivors (4096K)
 Metaspace       used 21531K, committed 21824K, reserved 1073152K
  class space    used 1707K, committed 1856K, reserved 1048576K
}
Event: 6.953 GC heap before
{Heap before GC invocations=119 (full 7):
 garbage-first heap   total 57344K, used 29616K [0x0000000601000000, 0x0000000800000000)
  region size 4096K, 7 young (28672K), 1 survivors (4096K)
 Metaspace       used 21725K, committed 22144K, reserved 1073152K
  class space    used 1720K, committed 1920K, reserved 1048576K
}
Event: 6.953 GC heap after
{Heap after GC invocations=120 (full 7):
 garbage-first heap   total 57344K, used 5078K [0x0000000601000000, 0x0000000800000000)
  region size 4096K, 1 young (4096K), 1 survivors (4096K)
 Metaspace       used 21725K, committed 22144K, reserved 1073152K
  class space    used 1720K, committed 1920K, reserved 1048576K
}
Event: 7.038 GC heap before
{Heap before GC invocations=120 (full 7):
 garbage-first heap   total 57344K, used 29654K [0x0000000601000000, 0x0000000800000000)
  region size 4096K, 7 young (28672K), 1 survivors (4096K)
 Metaspace       used 21753K, committed 22144K, reserved 1073152K
  class space    used 1720K, committed 1920K, reserved 1048576K
}
Event: 7.039 GC heap after
{Heap after GC invocations=121 (full 7):
 garbage-first heap   total 57344K, used 5715K [0x0000000601000000, 0x0000000800000000)
  region size 4096K, 1 young (4096K), 1 survivors (4096K)
 Metaspace       used 21753K, committed 22144K, reserved 1073152K
  class space    used 1720K, committed 1920K, reserved 1048576K
}
Event: 7.151 GC heap before
{Heap before GC invocations=121 (full 7):
 garbage-first heap   total 57344K, used 13907K [0x0000000601000000, 0x0000000800000000)
  region size 4096K, 4 young (16384K), 1 survivors (4096K)
 Metaspace       used 21809K, committed 22208K, reserved 1073152K
  class space    used 1723K, committed 1920K, reserved 1048576K
}
Event: 7.165 GC heap after
{Heap after GC invocations=122 (full 8):
 garbage-first heap   total 28672K, used 5389K [0x0000000601000000, 0x0000000800000000)
  region size 4096K, 0 young (0K), 0 survivors (0K)
 Metaspace       used 21797K, committed 22208K, reserved 1073152K
  class space    used 1720K, committed 1920K, reserved 1048576K
}

