# JRE version: OpenJDK Runtime Environment JBR-17.0.5+1-653.23-jcef (17.0.5+1) (build 17.0.5+1-b653.23)
# Java VM: OpenJDK 64-Bit Server VM JBR-17.0.5+1-653.23-jcef (17.0.5+1-b653.23, mixed mode, tiered, compressed oops, compressed class ptrs, g1 gc, windows-amd64)
GC Precious Log:
 CPUs: 16 total, 16 available
 Memory: 32694M
 Large Page Support: Disabled
 NUMA Support: Disabled
 Compressed Oops: Enabled (Zero based)
 Heap Region Size: 4M
 Heap Min Capacity: 8M
 Heap Initial Capacity: 512M
 Heap Max Capacity: 8176M
 Pre-touch: Disabled
 Parallel Workers: 13
 Concurrent Workers: 3
 Concurrent Refinement Workers: 13
 Periodic GC: Disabled
Heap:
 garbage-first heap   total 16384K, used 3878K [0x0000000601000000, 0x0000000800000000)
  region size 4096K, 1 young (4096K), 0 survivors (0K)
 Metaspace       used 20813K, committed 21120K, reserved 1073152K
  class space    used 1677K, committed 1856K, reserved 1048576K
GC Heap History (20 events):
Event: 7.100 GC heap before
{Heap before GC invocations=31 (full 3):
 garbage-first heap   total 20480K, used 3329K [0x0000000601000000, 0x0000000800000000)
  region size 4096K, 2 young (8192K), 1 survivors (4096K)
 Metaspace       used 18375K, committed 18624K, reserved 1073152K
  class space    used 1490K, committed 1600K, reserved 1048576K
}
Event: 7.101 GC heap after
{Heap after GC invocations=32 (full 3):
 garbage-first heap   total 20480K, used 3335K [0x0000000601000000, 0x0000000800000000)
  region size 4096K, 1 young (4096K), 1 survivors (4096K)
 Metaspace       used 18375K, committed 18624K, reserved 1073152K
  class space    used 1490K, committed 1600K, reserved 1048576K
}
Event: 7.260 GC heap before
{Heap before GC invocations=32 (full 3):
 garbage-first heap   total 20480K, used 3335K [0x0000000601000000, 0x0000000800000000)
  region size 4096K, 2 young (8192K), 1 survivors (4096K)
 Metaspace       used 18376K, committed 18624K, reserved 1073152K
  class space    used 1490K, committed 1600K, reserved 1048576K
}
Event: 7.261 GC heap after
{Heap after GC invocations=33 (full 3):
 garbage-first heap   total 20480K, used 3336K [0x0000000601000000, 0x0000000800000000)
  region size 4096K, 1 young (4096K), 1 survivors (4096K)
 Metaspace       used 18376K, committed 18624K, reserved 1073152K
  class space    used 1490K, committed 1600K, reserved 1048576K
}
Event: 7.417 GC heap before
{Heap before GC invocations=33 (full 3):
 garbage-first heap   total 20480K, used 3336K [0x0000000601000000, 0x0000000800000000)
  region size 4096K, 2 young (8192K), 1 survivors (4096K)
 Metaspace       used 18376K, committed 18624K, reserved 1073152K
  class space    used 1490K, committed 1600K, reserved 1048576K
}
Event: 7.418 GC heap after
{Heap after GC invocations=34 (full 3):
 garbage-first heap   total 20480K, used 3338K [0x0000000601000000, 0x0000000800000000)
  region size 4096K, 1 young (4096K), 1 survivors (4096K)
 Metaspace       used 18376K, committed 18624K, reserved 1073152K
  class space    used 1490K, committed 1600K, reserved 1048576K
}
Event: 7.574 GC heap before
{Heap before GC invocations=34 (full 3):
 garbage-first heap   total 20480K, used 3338K [0x0000000601000000, 0x0000000800000000)
  region size 4096K, 2 young (8192K), 1 survivors (4096K)
 Metaspace       used 18403K, committed 18624K, reserved 1073152K
  class space    used 1490K, committed 1600K, reserved 1048576K
}
Event: 7.574 GC heap after
{Heap after GC invocations=35 (full 3):
 garbage-first heap   total 20480K, used 3346K [0x0000000601000000, 0x0000000800000000)
  region size 4096K, 1 young (4096K), 1 survivors (4096K)
 Metaspace       used 18403K, committed 18624K, reserved 1073152K
  class space    used 1490K, committed 1600K, reserved 1048576K
}
Event: 7.731 GC heap before
{Heap before GC invocations=35 (full 3):
 garbage-first heap   total 20480K, used 3346K [0x0000000601000000, 0x0000000800000000)
  region size 4096K, 2 young (8192K), 1 survivors (4096K)
 Metaspace       used 18459K, committed 18688K, reserved 1073152K
  class space    used 1490K, committed 1600K, reserved 1048576K
}
Event: 7.732 GC heap after
{Heap after GC invocations=36 (full 3):
 garbage-first heap   total 20480K, used 3351K [0x0000000601000000, 0x0000000800000000)
  region size 4096K, 1 young (4096K), 1 survivors (4096K)
 Metaspace       used 18459K, committed 18688K, reserved 1073152K
  class space    used 1490K, committed 1600K, reserved 1048576K
}
Event: 7.875 GC heap before
{Heap before GC invocations=36 (full 3):
 garbage-first heap   total 20480K, used 3351K [0x0000000601000000, 0x0000000800000000)
  region size 4096K, 2 young (8192K), 1 survivors (4096K)
 Metaspace       used 19308K, committed 19584K, reserved 1073152K
  class space    used 1592K, committed 1728K, reserved 1048576K
}
Event: 7.875 GC heap after
{Heap after GC invocations=37 (full 3):
 garbage-first heap   total 20480K, used 3632K [0x0000000601000000, 0x0000000800000000)
  region size 4096K, 1 young (4096K), 1 survivors (4096K)
 Metaspace       used 19308K, committed 19584K, reserved 1073152K
  class space    used 1592K, committed 1728K, reserved 1048576K
}
Event: 7.885 GC heap before
{Heap before GC invocations=37 (full 3):
 garbage-first heap   total 20480K, used 3632K [0x0000000601000000, 0x0000000800000000)
  region size 4096K, 2 young (8192K), 1 survivors (4096K)
 Metaspace       used 19550K, committed 19904K, reserved 1073152K
  class space    used 1624K, committed 1792K, reserved 1048576K
}
Event: 7.895 GC heap after
{Heap after GC invocations=38 (full 4):
 garbage-first heap   total 16384K, used 3666K [0x0000000601000000, 0x0000000800000000)
  region size 4096K, 0 young (0K), 0 survivors (0K)
 Metaspace       used 19550K, committed 19904K, reserved 1073152K
  class space    used 1624K, committed 1792K, reserved 1048576K
}
Event: 7.895 GC heap before
{Heap before GC invocations=38 (full 4):
 garbage-first heap   total 16384K, used 3666K [0x0000000601000000, 0x0000000800000000)
  region size 4096K, 0 young (0K), 0 survivors (0K)
 Metaspace       used 19550K, committed 19904K, reserved 1073152K
  class space    used 1624K, committed 1792K, reserved 1048576K
}
Event: 7.903 GC heap after
{Heap after GC invocations=39 (full 5):
 garbage-first heap   total 16384K, used 3658K [0x0000000601000000, 0x0000000800000000)
  region size 4096K, 0 young (0K), 0 survivors (0K)
 Metaspace       used 19550K, committed 19904K, reserved 1073152K
  class space    used 1624K, committed 1792K, reserved 1048576K
}
Event: 7.904 GC heap before
{Heap before GC invocations=39 (full 5):
 garbage-first heap   total 16384K, used 3658K [0x0000000601000000, 0x0000000800000000)
  region size 4096K, 1 young (4096K), 0 survivors (0K)
 Metaspace       used 19550K, committed 19904K, reserved 1073152K
  class space    used 1624K, committed 1792K, reserved 1048576K
}
Event: 7.911 GC heap after
{Heap after GC invocations=40 (full 6):
 garbage-first heap   total 16384K, used 3658K [0x0000000601000000, 0x0000000800000000)
  region size 4096K, 0 young (0K), 0 survivors (0K)
 Metaspace       used 19550K, committed 19904K, reserved 1073152K
  class space    used 1624K, committed 1792K, reserved 1048576K
}
Event: 7.922 GC heap before
{Heap before GC invocations=40 (full 6):
 garbage-first heap   total 16384K, used 3658K [0x0000000601000000, 0x0000000800000000)
  region size 4096K, 1 young (4096K), 0 survivors (0K)
 Metaspace       used 19594K, committed 19904K, reserved 1073152K
  class space    used 1628K, committed 1792K, reserved 1048576K
}
Event: 7.931 GC heap after
{Heap after GC invocations=41 (full 7):
 garbage-first heap   total 16384K, used 3878K [0x0000000601000000, 0x0000000800000000)
  region size 4096K, 0 young (0K), 0 survivors (0K)
 Metaspace       used 19594K, committed 19904K, reserved 1073152K
  class space    used 1628K, committed 1792K, reserved 1048576K
}

