# JRE version: Java(TM) SE Runtime Environment (15.0.2+7) (build 15.0.2+7-27)
# Java VM: Java HotSpot(TM) 64-Bit Server VM (15.0.2+7-27, mixed mode, sharing, tiered, compressed oops, g1 gc, windows-amd64)
GC Precious Log:
 CPUs: 4 total, 4 available
 Memory: 8081M
 Large Page Support: Disabled
 NUMA Support: Disabled
 Compressed Oops: Enabled (32-bit)
 Heap Region Size: 1M
 Heap Min Capacity: 8M
 Heap Initial Capacity: 128M
 Heap Max Capacity: 2022M
 Pre-touch: Disabled
 Parallel Workers: 4
 Concurrent Workers: 1
 Concurrent Refinement Workers: 4
 Periodic GC: Disabled
Heap:
 garbage-first heap   total 14336K, used 5324K [0x0000000081a00000, 0x0000000100000000)
  region size 1024K, 3 young (3072K), 1 survivors (1024K)
 Metaspace       used 11821K, capacity 12184K, committed 12544K, reserved 1060864K
  class space    used 816K, capacity 894K, committed 1024K, reserved 1048576K
GC Heap History (20 events):
Event: 9.534 GC heap before
{Heap before GC invocations=8 (full 1):
 garbage-first heap   total 14336K, used 9401K [0x0000000081a00000, 0x0000000100000000)
  region size 1024K, 7 young (7168K), 1 survivors (1024K)
 Metaspace       used 9887K, capacity 11158K, committed 11392K, reserved 1060864K
  class space    used 624K, capacity 777K, committed 896K, reserved 1048576K
}
Event: 9.536 GC heap after
{Heap after GC invocations=9 (full 1):
 garbage-first heap   total 14336K, used 3262K [0x0000000081a00000, 0x0000000100000000)
  region size 1024K, 1 young (1024K), 1 survivors (1024K)
 Metaspace       used 9887K, capacity 11158K, committed 11392K, reserved 1060864K
  class space    used 624K, capacity 777K, committed 896K, reserved 1048576K
}
Event: 10.224 GC heap before
{Heap before GC invocations=9 (full 1):
 garbage-first heap   total 14336K, used 9406K [0x0000000081a00000, 0x0000000100000000)
  region size 1024K, 7 young (7168K), 1 survivors (1024K)
 Metaspace       used 10279K, capacity 11167K, committed 11392K, reserved 1060864K
  class space    used 659K, capacity 779K, committed 896K, reserved 1048576K
}
Event: 10.226 GC heap after
{Heap after GC invocations=10 (full 1):
 garbage-first heap   total 14336K, used 3299K [0x0000000081a00000, 0x0000000100000000)
  region size 1024K, 1 young (1024K), 1 survivors (1024K)
 Metaspace       used 10279K, capacity 11167K, committed 11392K, reserved 1060864K
  class space    used 659K, capacity 779K, committed 896K, reserved 1048576K
}
Event: 10.931 GC heap before
{Heap before GC invocations=10 (full 1):
 garbage-first heap   total 14336K, used 9443K [0x0000000081a00000, 0x0000000100000000)
  region size 1024K, 7 young (7168K), 1 survivors (1024K)
 Metaspace       used 10279K, capacity 11167K, committed 11392K, reserved 1060864K
  class space    used 659K, capacity 779K, committed 896K, reserved 1048576K
}
Event: 10.932 GC heap after
{Heap after GC invocations=11 (full 1):
 garbage-first heap   total 14336K, used 3306K [0x0000000081a00000, 0x0000000100000000)
  region size 1024K, 1 young (1024K), 1 survivors (1024K)
 Metaspace       used 10279K, capacity 11167K, committed 11392K, reserved 1060864K
  class space    used 659K, capacity 779K, committed 896K, reserved 1048576K
}
Event: 11.600 GC heap before
{Heap before GC invocations=11 (full 1):
 garbage-first heap   total 14336K, used 9450K [0x0000000081a00000, 0x0000000100000000)
  region size 1024K, 7 young (7168K), 1 survivors (1024K)
 Metaspace       used 10290K, capacity 11167K, committed 11392K, reserved 1060864K
  class space    used 659K, capacity 779K, committed 896K, reserved 1048576K
}
Event: 11.602 GC heap after
{Heap after GC invocations=12 (full 1):
 garbage-first heap   total 14336K, used 3303K [0x0000000081a00000, 0x0000000100000000)
  region size 1024K, 1 young (1024K), 1 survivors (1024K)
 Metaspace       used 10290K, capacity 11167K, committed 11392K, reserved 1060864K
  class space    used 659K, capacity 779K, committed 896K, reserved 1048576K
}
Event: 12.650 GC heap before
{Heap before GC invocations=12 (full 1):
 garbage-first heap   total 14336K, used 9447K [0x0000000081a00000, 0x0000000100000000)
  region size 1024K, 7 young (7168K), 1 survivors (1024K)
 Metaspace       used 10340K, capacity 11195K, committed 11392K, reserved 1060864K
  class space    used 665K, capacity 786K, committed 896K, reserved 1048576K
}
Event: 12.651 GC heap after
{Heap after GC invocations=13 (full 1):
 garbage-first heap   total 14336K, used 3332K [0x0000000081a00000, 0x0000000100000000)
  region size 1024K, 1 young (1024K), 1 survivors (1024K)
 Metaspace       used 10340K, capacity 11195K, committed 11392K, reserved 1060864K
  class space    used 665K, capacity 786K, committed 896K, reserved 1048576K
}
Event: 13.716 GC heap before
{Heap before GC invocations=13 (full 1):
 garbage-first heap   total 14336K, used 8452K [0x0000000081a00000, 0x0000000100000000)
  region size 1024K, 7 young (7168K), 1 survivors (1024K)
 Metaspace       used 10855K, capacity 11667K, committed 11904K, reserved 1060864K
  class space    used 722K, capacity 854K, committed 896K, reserved 1048576K
}
Event: 13.717 GC heap after
{Heap after GC invocations=14 (full 1):
 garbage-first heap   total 14336K, used 3465K [0x0000000081a00000, 0x0000000100000000)
  region size 1024K, 1 young (1024K), 1 survivors (1024K)
 Metaspace       used 10855K, capacity 11667K, committed 11904K, reserved 1060864K
  class space    used 722K, capacity 854K, committed 896K, reserved 1048576K
}
Event: 14.664 GC heap before
{Heap before GC invocations=14 (full 1):
 garbage-first heap   total 14336K, used 7561K [0x0000000081a00000, 0x0000000100000000)
  region size 1024K, 7 young (7168K), 1 survivors (1024K)
 Metaspace       used 11785K, capacity 12195K, committed 12544K, reserved 1060864K
  class space    used 818K, capacity 898K, committed 1024K, reserved 1048576K
}
Event: 14.683 GC heap after
{Heap after GC invocations=15 (full 2):
 garbage-first heap   total 14336K, used 4290K [0x0000000081a00000, 0x0000000100000000)
  region size 1024K, 0 young (0K), 0 survivors (0K)
 Metaspace       used 11777K, capacity 12183K, committed 12544K, reserved 1060864K
  class space    used 816K, capacity 894K, committed 1024K, reserved 1048576K
}
Event: 16.059 GC heap before
{Heap before GC invocations=15 (full 2):
 garbage-first heap   total 14336K, used 10434K [0x0000000081a00000, 0x0000000100000000)
  region size 1024K, 6 young (6144K), 0 survivors (0K)
 Metaspace       used 11806K, capacity 12183K, committed 12544K, reserved 1060864K
  class space    used 816K, capacity 894K, committed 1024K, reserved 1048576K
}
Event: 16.059 GC heap after
{Heap after GC invocations=16 (full 2):
 garbage-first heap   total 14336K, used 4338K [0x0000000081a00000, 0x0000000100000000)
  region size 1024K, 1 young (1024K), 1 survivors (1024K)
 Metaspace       used 11806K, capacity 12183K, committed 12544K, reserved 1060864K
  class space    used 816K, capacity 894K, committed 1024K, reserved 1048576K
}
Event: 17.113 GC heap before
{Heap before GC invocations=16 (full 2):
 garbage-first heap   total 14336K, used 9458K [0x0000000081a00000, 0x0000000100000000)
  region size 1024K, 6 young (6144K), 1 survivors (1024K)
 Metaspace       used 11809K, capacity 12184K, committed 12544K, reserved 1060864K
  class space    used 816K, capacity 894K, committed 1024K, reserved 1048576K
}
Event: 17.114 GC heap after
{Heap after GC invocations=17 (full 2):
 garbage-first heap   total 14336K, used 4306K [0x0000000081a00000, 0x0000000100000000)
  region size 1024K, 1 young (1024K), 1 survivors (1024K)
 Metaspace       used 11809K, capacity 12184K, committed 12544K, reserved 1060864K
  class space    used 816K, capacity 894K, committed 1024K, reserved 1048576K
}
Event: 18.144 GC heap before
{Heap before GC invocations=17 (full 2):
 garbage-first heap   total 14336K, used 9426K [0x0000000081a00000, 0x0000000100000000)
  region size 1024K, 6 young (6144K), 1 survivors (1024K)
 Metaspace       used 11821K, capacity 12184K, committed 12544K, reserved 1060864K
  class space    used 816K, capacity 894K, committed 1024K, reserved 1048576K
}
Event: 18.144 GC heap after
{Heap after GC invocations=18 (full 2):
 garbage-first heap   total 14336K, used 4300K [0x0000000081a00000, 0x0000000100000000)
  region size 1024K, 1 young (1024K), 1 survivors (1024K)
 Metaspace       used 11821K, capacity 12184K, committed 12544K, reserved 1060864K
  class space    used 816K, capacity 894K, committed 1024K, reserved 1048576K
}

