# JRE version: OpenJDK Runtime Environment Zulu15.36+13-CA (15.0.5+3) (build 15.0.5+3-MTS)
# Java VM: OpenJDK 64-Bit Server VM Zulu15.36+13-CA (15.0.5+3-MTS, mixed mode, sharing, tiered, compressed oops, g1 gc, windows-amd64)
GC Precious Log:
 CPUs: 2 total, 2 available
 Memory: 8087M
 Large Page Support: Disabled
 NUMA Support: Disabled
 Compressed Oops: Enabled (32-bit)
 Heap Region Size: 1M
 Heap Min Capacity: 8M
 Heap Initial Capacity: 128M
 Heap Max Capacity: 2022M
 Pre-touch: Disabled
 Parallel Workers: 2
 Concurrent Workers: 1
 Concurrent Refinement Workers: 2
 Periodic GC: Disabled
Heap:
 garbage-first heap   total 131072K, used 56087K [0x0000000081a00000, 0x0000000100000000)
  region size 1024K, 54 young (55296K), 3 survivors (3072K)
 Metaspace       used 9254K, capacity 11157K, committed 11392K, reserved 1060864K
  class space    used 558K, capacity 772K, committed 896K, reserved 1048576K
GC Heap History (20 events):
Event: 3.259 GC heap before
{Heap before GC invocations=1 (full 0):
 garbage-first heap   total 131072K, used 6348K [0x0000000081a00000, 0x0000000100000000)
  region size 1024K, 6 young (6144K), 1 survivors (1024K)
 Metaspace       used 5525K, capacity 7655K, committed 7808K, reserved 1056768K
  class space    used 397K, capacity 589K, committed 640K, reserved 1048576K
}
Event: 3.263 GC heap after
{Heap after GC invocations=2 (full 0):
 garbage-first heap   total 131072K, used 3132K [0x0000000081a00000, 0x0000000100000000)
  region size 1024K, 1 young (1024K), 1 survivors (1024K)
 Metaspace       used 5525K, capacity 7655K, committed 7808K, reserved 1056768K
  class space    used 397K, capacity 589K, committed 640K, reserved 1048576K
}
Event: 4.449 GC heap before
{Heap before GC invocations=2 (full 0):
 garbage-first heap   total 131072K, used 16444K [0x0000000081a00000, 0x0000000100000000)
  region size 1024K, 11 young (11264K), 1 survivors (1024K)
 Metaspace       used 9147K, capacity 11023K, committed 11392K, reserved 1060864K
  class space    used 557K, capacity 772K, committed 896K, reserved 1048576K
}
Event: 4.453 GC heap after
{Heap after GC invocations=3 (full 0):
 garbage-first heap   total 131072K, used 4682K [0x0000000081a00000, 0x0000000100000000)
  region size 1024K, 2 young (2048K), 2 survivors (2048K)
 Metaspace       used 9147K, capacity 11023K, committed 11392K, reserved 1060864K
  class space    used 557K, capacity 772K, committed 896K, reserved 1048576K
}
Event: 6.704 GC heap before
{Heap before GC invocations=3 (full 0):
 garbage-first heap   total 131072K, used 80458K [0x0000000081a00000, 0x0000000100000000)
  region size 1024K, 76 young (77824K), 2 survivors (2048K)
 Metaspace       used 9249K, capacity 11093K, committed 11392K, reserved 1060864K
  class space    used 558K, capacity 772K, committed 896K, reserved 1048576K
}
Event: 6.707 GC heap after
{Heap after GC invocations=4 (full 0):
 garbage-first heap   total 131072K, used 4745K [0x0000000081a00000, 0x0000000100000000)
  region size 1024K, 3 young (3072K), 3 survivors (3072K)
 Metaspace       used 9249K, capacity 11093K, committed 11392K, reserved 1060864K
  class space    used 558K, capacity 772K, committed 896K, reserved 1048576K
}
Event: 8.300 GC heap before
{Heap before GC invocations=4 (full 0):
 garbage-first heap   total 131072K, used 79497K [0x0000000081a00000, 0x0000000100000000)
  region size 1024K, 76 young (77824K), 3 survivors (3072K)
 Metaspace       used 9254K, capacity 11157K, committed 11392K, reserved 1060864K
  class space    used 558K, capacity 772K, committed 896K, reserved 1048576K
}
Event: 8.303 GC heap after
{Heap after GC invocations=5 (full 0):
 garbage-first heap   total 131072K, used 4871K [0x0000000081a00000, 0x0000000100000000)
  region size 1024K, 3 young (3072K), 3 survivors (3072K)
 Metaspace       used 9254K, capacity 11157K, committed 11392K, reserved 1060864K
  class space    used 558K, capacity 772K, committed 896K, reserved 1048576K
}
Event: 9.424 GC heap before
{Heap before GC invocations=5 (full 0):
 garbage-first heap   total 131072K, used 79623K [0x0000000081a00000, 0x0000000100000000)
  region size 1024K, 76 young (77824K), 3 survivors (3072K)
 Metaspace       used 9254K, capacity 11157K, committed 11392K, reserved 1060864K
  class space    used 558K, capacity 772K, committed 896K, reserved 1048576K
}
Event: 9.427 GC heap after
{Heap after GC invocations=6 (full 0):
 garbage-first heap   total 131072K, used 4883K [0x0000000081a00000, 0x0000000100000000)
  region size 1024K, 3 young (3072K), 3 survivors (3072K)
 Metaspace       used 9254K, capacity 11157K, committed 11392K, reserved 1060864K
  class space    used 558K, capacity 772K, committed 896K, reserved 1048576K
}
Event: 10.540 GC heap before
{Heap before GC invocations=6 (full 0):
 garbage-first heap   total 131072K, used 79635K [0x0000000081a00000, 0x0000000100000000)
  region size 1024K, 76 young (77824K), 3 survivors (3072K)
 Metaspace       used 9254K, capacity 11157K, committed 11392K, reserved 1060864K
  class space    used 558K, capacity 772K, committed 896K, reserved 1048576K
}
Event: 10.548 GC heap after
{Heap after GC invocations=7 (full 0):
 garbage-first heap   total 131072K, used 4949K [0x0000000081a00000, 0x0000000100000000)
  region size 1024K, 3 young (3072K), 3 survivors (3072K)
 Metaspace       used 9254K, capacity 11157K, committed 11392K, reserved 1060864K
  class space    used 558K, capacity 772K, committed 896K, reserved 1048576K
}
Event: 11.845 GC heap before
{Heap before GC invocations=7 (full 0):
 garbage-first heap   total 131072K, used 79701K [0x0000000081a00000, 0x0000000100000000)
  region size 1024K, 76 young (77824K), 3 survivors (3072K)
 Metaspace       used 9254K, capacity 11157K, committed 11392K, reserved 1060864K
  class space    used 558K, capacity 772K, committed 896K, reserved 1048576K
}
Event: 11.849 GC heap after
{Heap after GC invocations=8 (full 0):
 garbage-first heap   total 131072K, used 4881K [0x0000000081a00000, 0x0000000100000000)
  region size 1024K, 3 young (3072K), 3 survivors (3072K)
 Metaspace       used 9254K, capacity 11157K, committed 11392K, reserved 1060864K
  class space    used 558K, capacity 772K, committed 896K, reserved 1048576K
}
Event: 14.041 GC heap before
{Heap before GC invocations=8 (full 0):
 garbage-first heap   total 131072K, used 79633K [0x0000000081a00000, 0x0000000100000000)
  region size 1024K, 76 young (77824K), 3 survivors (3072K)
 Metaspace       used 9254K, capacity 11157K, committed 11392K, reserved 1060864K
  class space    used 558K, capacity 772K, committed 896K, reserved 1048576K
}
Event: 14.048 GC heap after
{Heap after GC invocations=9 (full 0):
 garbage-first heap   total 131072K, used 4886K [0x0000000081a00000, 0x0000000100000000)
  region size 1024K, 3 young (3072K), 3 survivors (3072K)
 Metaspace       used 9254K, capacity 11157K, committed 11392K, reserved 1060864K
  class space    used 558K, capacity 772K, committed 896K, reserved 1048576K
}
Event: 15.655 GC heap before
{Heap before GC invocations=9 (full 0):
 garbage-first heap   total 131072K, used 79638K [0x0000000081a00000, 0x0000000100000000)
  region size 1024K, 76 young (77824K), 3 survivors (3072K)
 Metaspace       used 9254K, capacity 11157K, committed 11392K, reserved 1060864K
  class space    used 558K, capacity 772K, committed 896K, reserved 1048576K
}
Event: 15.659 GC heap after
{Heap after GC invocations=10 (full 0):
 garbage-first heap   total 131072K, used 4887K [0x0000000081a00000, 0x0000000100000000)
  region size 1024K, 3 young (3072K), 3 survivors (3072K)
 Metaspace       used 9254K, capacity 11157K, committed 11392K, reserved 1060864K
  class space    used 558K, capacity 772K, committed 896K, reserved 1048576K
}
Event: 16.950 GC heap before
{Heap before GC invocations=10 (full 0):
 garbage-first heap   total 131072K, used 79639K [0x0000000081a00000, 0x0000000100000000)
  region size 1024K, 76 young (77824K), 3 survivors (3072K)
 Metaspace       used 9254K, capacity 11157K, committed 11392K, reserved 1060864K
  class space    used 558K, capacity 772K, committed 896K, reserved 1048576K
}
Event: 16.953 GC heap after
{Heap after GC invocations=11 (full 0):
 garbage-first heap   total 131072K, used 4887K [0x0000000081a00000, 0x0000000100000000)
  region size 1024K, 3 young (3072K), 3 survivors (3072K)
 Metaspace       used 9254K, capacity 11157K, committed 11392K, reserved 1060864K
  class space    used 558K, capacity 772K, committed 896K, reserved 1048576K
}

