# JRE version: OpenJDK Runtime Environment JBR-17.0.5+1-653.23-jcef (17.0.5+1) (build 17.0.5+1-b653.23)
# Java VM: OpenJDK 64-Bit Server VM JBR-17.0.5+1-653.23-jcef (17.0.5+1-b653.23, mixed mode, tiered, compressed oops, compressed class ptrs, g1 gc, windows-amd64)
GC Precious Log:
 CPUs: 16 total, 16 available
 Memory: 32694M
 Large Page Support: Disabled
 NUMA Support: Disabled
 Compressed Oops: Enabled (Zero based)
 Heap Region Size: 4M
 Heap Min Capacity: 8M
 Heap Initial Capacity: 512M
 Heap Max Capacity: 8176M
 Pre-touch: Disabled
 Parallel Workers: 13
 Concurrent Workers: 3
 Concurrent Refinement Workers: 13
 Periodic GC: Disabled
Heap:
 garbage-first heap   total 16384K, used 3875K [0x0000000601000000, 0x0000000800000000)
  region size 4096K, 1 young (4096K), 0 survivors (0K)
 Metaspace       used 20743K, committed 21056K, reserved 1073152K
  class space    used 1677K, committed 1856K, reserved 1048576K
GC Heap History (20 events):
Event: 6.268 GC heap before
{Heap before GC invocations=27 (full 3):
 garbage-first heap   total 20480K, used 3328K [0x0000000601000000, 0x0000000800000000)
  region size 4096K, 2 young (8192K), 1 survivors (4096K)
 Metaspace       used 18389K, committed 18624K, reserved 1073152K
  class space    used 1490K, committed 1600K, reserved 1048576K
}
Event: 6.268 GC heap after
{Heap after GC invocations=28 (full 3):
 garbage-first heap   total 20480K, used 3338K [0x0000000601000000, 0x0000000800000000)
  region size 4096K, 1 young (4096K), 1 survivors (4096K)
 Metaspace       used 18389K, committed 18624K, reserved 1073152K
  class space    used 1490K, committed 1600K, reserved 1048576K
}
Event: 6.424 GC heap before
{Heap before GC invocations=28 (full 3):
 garbage-first heap   total 20480K, used 3338K [0x0000000601000000, 0x0000000800000000)
  region size 4096K, 2 young (8192K), 1 survivors (4096K)
 Metaspace       used 18389K, committed 18624K, reserved 1073152K
  class space    used 1490K, committed 1600K, reserved 1048576K
}
Event: 6.424 GC heap after
{Heap after GC invocations=29 (full 3):
 garbage-first heap   total 20480K, used 3336K [0x0000000601000000, 0x0000000800000000)
  region size 4096K, 1 young (4096K), 1 survivors (4096K)
 Metaspace       used 18389K, committed 18624K, reserved 1073152K
  class space    used 1490K, committed 1600K, reserved 1048576K
}
Event: 6.584 GC heap before
{Heap before GC invocations=29 (full 3):
 garbage-first heap   total 20480K, used 3336K [0x0000000601000000, 0x0000000800000000)
  region size 4096K, 2 young (8192K), 1 survivors (4096K)
 Metaspace       used 18389K, committed 18624K, reserved 1073152K
  class space    used 1490K, committed 1600K, reserved 1048576K
}
Event: 6.584 GC heap after
{Heap after GC invocations=30 (full 3):
 garbage-first heap   total 20480K, used 3339K [0x0000000601000000, 0x0000000800000000)
  region size 4096K, 1 young (4096K), 1 survivors (4096K)
 Metaspace       used 18389K, committed 18624K, reserved 1073152K
  class space    used 1490K, committed 1600K, reserved 1048576K
}
Event: 6.741 GC heap before
{Heap before GC invocations=30 (full 3):
 garbage-first heap   total 20480K, used 3339K [0x0000000601000000, 0x0000000800000000)
  region size 4096K, 2 young (8192K), 1 survivors (4096K)
 Metaspace       used 18390K, committed 18624K, reserved 1073152K
  class space    used 1490K, committed 1600K, reserved 1048576K
}
Event: 6.741 GC heap after
{Heap after GC invocations=31 (full 3):
 garbage-first heap   total 20480K, used 3345K [0x0000000601000000, 0x0000000800000000)
  region size 4096K, 1 young (4096K), 1 survivors (4096K)
 Metaspace       used 18390K, committed 18624K, reserved 1073152K
  class space    used 1490K, committed 1600K, reserved 1048576K
}
Event: 6.915 GC heap before
{Heap before GC invocations=31 (full 3):
 garbage-first heap   total 20480K, used 3345K [0x0000000601000000, 0x0000000800000000)
  region size 4096K, 2 young (8192K), 1 survivors (4096K)
 Metaspace       used 18391K, committed 18624K, reserved 1073152K
  class space    used 1490K, committed 1600K, reserved 1048576K
}
Event: 6.915 GC heap after
{Heap after GC invocations=32 (full 3):
 garbage-first heap   total 20480K, used 3343K [0x0000000601000000, 0x0000000800000000)
  region size 4096K, 1 young (4096K), 1 survivors (4096K)
 Metaspace       used 18391K, committed 18624K, reserved 1073152K
  class space    used 1490K, committed 1600K, reserved 1048576K
}
Event: 7.075 GC heap before
{Heap before GC invocations=32 (full 3):
 garbage-first heap   total 20480K, used 3343K [0x0000000601000000, 0x0000000800000000)
  region size 4096K, 2 young (8192K), 1 survivors (4096K)
 Metaspace       used 18841K, committed 19072K, reserved 1073152K
  class space    used 1542K, committed 1664K, reserved 1048576K
}
Event: 7.075 GC heap after
{Heap after GC invocations=33 (full 3):
 garbage-first heap   total 20480K, used 3525K [0x0000000601000000, 0x0000000800000000)
  region size 4096K, 1 young (4096K), 1 survivors (4096K)
 Metaspace       used 18841K, committed 19072K, reserved 1073152K
  class space    used 1542K, committed 1664K, reserved 1048576K
}
Event: 7.098 GC heap before
{Heap before GC invocations=33 (full 3):
 garbage-first heap   total 20480K, used 3525K [0x0000000601000000, 0x0000000800000000)
  region size 4096K, 2 young (8192K), 1 survivors (4096K)
 Metaspace       used 19482K, committed 19776K, reserved 1073152K
  class space    used 1624K, committed 1792K, reserved 1048576K
}
Event: 7.107 GC heap after
{Heap after GC invocations=34 (full 4):
 garbage-first heap   total 16384K, used 3664K [0x0000000601000000, 0x0000000800000000)
  region size 4096K, 0 young (0K), 0 survivors (0K)
 Metaspace       used 19482K, committed 19776K, reserved 1073152K
  class space    used 1624K, committed 1792K, reserved 1048576K
}
Event: 7.108 GC heap before
{Heap before GC invocations=34 (full 4):
 garbage-first heap   total 16384K, used 3664K [0x0000000601000000, 0x0000000800000000)
  region size 4096K, 0 young (0K), 0 survivors (0K)
 Metaspace       used 19482K, committed 19776K, reserved 1073152K
  class space    used 1624K, committed 1792K, reserved 1048576K
}
Event: 7.115 GC heap after
{Heap after GC invocations=35 (full 5):
 garbage-first heap   total 16384K, used 3656K [0x0000000601000000, 0x0000000800000000)
  region size 4096K, 0 young (0K), 0 survivors (0K)
 Metaspace       used 19482K, committed 19776K, reserved 1073152K
  class space    used 1624K, committed 1792K, reserved 1048576K
}
Event: 7.116 GC heap before
{Heap before GC invocations=35 (full 5):
 garbage-first heap   total 16384K, used 3656K [0x0000000601000000, 0x0000000800000000)
  region size 4096K, 1 young (4096K), 0 survivors (0K)
 Metaspace       used 19482K, committed 19776K, reserved 1073152K
  class space    used 1624K, committed 1792K, reserved 1048576K
}
Event: 7.123 GC heap after
{Heap after GC invocations=36 (full 6):
 garbage-first heap   total 16384K, used 3656K [0x0000000601000000, 0x0000000800000000)
  region size 4096K, 0 young (0K), 0 survivors (0K)
 Metaspace       used 19482K, committed 19776K, reserved 1073152K
  class space    used 1624K, committed 1792K, reserved 1048576K
}
Event: 7.134 GC heap before
{Heap before GC invocations=36 (full 6):
 garbage-first heap   total 16384K, used 3656K [0x0000000601000000, 0x0000000800000000)
  region size 4096K, 1 young (4096K), 0 survivors (0K)
 Metaspace       used 19525K, committed 19904K, reserved 1073152K
  class space    used 1628K, committed 1792K, reserved 1048576K
}
Event: 7.143 GC heap after
{Heap after GC invocations=37 (full 7):
 garbage-first heap   total 16384K, used 3875K [0x0000000601000000, 0x0000000800000000)
  region size 4096K, 0 young (0K), 0 survivors (0K)
 Metaspace       used 19525K, committed 19904K, reserved 1073152K
  class space    used 1628K, committed 1792K, reserved 1048576K
}

