# JRE version: OpenJDK Runtime Environment Corretto-17.0.5.8.1 (17.0.5+8) (build 17.0.5+8-LTS)
# Java VM: OpenJDK 64-Bit Server VM Corretto-17.0.5.8.1 (17.0.5+8-LTS, mixed mode, sharing, tiered, compressed oops, compressed class ptrs, g1 gc, windows-amd64)
GC Precious Log:
 CPUs: 4 total, 4 available
 Memory: 8081M
 Large Page Support: Disabled
 NUMA Support: Disabled
 Compressed Oops: Enabled (32-bit)
 Heap Region Size: 1M
 Heap Min Capacity: 8M
 Heap Initial Capacity: 128M
 Heap Max Capacity: 2022M
 Pre-touch: Disabled
 Parallel Workers: 4
 Concurrent Workers: 1
 Concurrent Refinement Workers: 4
 Periodic GC: Disabled
Heap:
 garbage-first heap   total 178176K, used 54599K [0x0000000081a00000, 0x0000000100000000)
  region size 1024K, 3 young (3072K), 0 survivors (0K)
 Metaspace       used 11605K, committed 11776K, reserved 1064960K
  class space    used 815K, committed 896K, reserved 1048576K
GC Heap History (20 events):
Event: 6.246 GC heap before
{Heap before GC invocations=9 (full 1):
 garbage-first heap   total 78848K, used 48078K [0x0000000081a00000, 0x0000000100000000)
  region size 1024K, 18 young (18432K), 4 survivors (4096K)
 Metaspace       used 9025K, committed 9280K, reserved 1064960K
  class space    used 647K, committed 768K, reserved 1048576K
}
Event: 6.266 GC heap after
{Heap after GC invocations=10 (full 1):
 garbage-first heap   total 78848K, used 45017K [0x0000000081a00000, 0x0000000100000000)
  region size 1024K, 3 young (3072K), 3 survivors (3072K)
 Metaspace       used 9025K, committed 9280K, reserved 1064960K
  class space    used 647K, committed 768K, reserved 1048576K
}
Event: 6.732 GC heap before
{Heap before GC invocations=10 (full 1):
 garbage-first heap   total 78848K, used 53209K [0x0000000081a00000, 0x0000000100000000)
  region size 1024K, 11 young (11264K), 3 survivors (3072K)
 Metaspace       used 9025K, committed 9280K, reserved 1064960K
  class space    used 647K, committed 768K, reserved 1048576K
}
Event: 6.742 GC heap after
{Heap after GC invocations=11 (full 1):
 garbage-first heap   total 78848K, used 51673K [0x0000000081a00000, 0x0000000100000000)
  region size 1024K, 2 young (2048K), 2 survivors (2048K)
 Metaspace       used 9025K, committed 9280K, reserved 1064960K
  class space    used 647K, committed 768K, reserved 1048576K
}
Event: 6.866 GC heap before
{Heap before GC invocations=11 (full 1):
 garbage-first heap   total 92160K, used 53721K [0x0000000081a00000, 0x0000000100000000)
  region size 1024K, 5 young (5120K), 2 survivors (2048K)
 Metaspace       used 9050K, committed 9280K, reserved 1064960K
  class space    used 649K, committed 768K, reserved 1048576K
}
Event: 6.938 GC heap after
{Heap after GC invocations=12 (full 2):
 garbage-first heap   total 92160K, used 51513K [0x0000000081a00000, 0x0000000100000000)
  region size 1024K, 0 young (0K), 0 survivors (0K)
 Metaspace       used 9050K, committed 9280K, reserved 1064960K
  class space    used 649K, committed 768K, reserved 1048576K
}
Event: 6.938 GC heap before
{Heap before GC invocations=12 (full 2):
 garbage-first heap   total 92160K, used 51513K [0x0000000081a00000, 0x0000000100000000)
  region size 1024K, 0 young (0K), 0 survivors (0K)
 Metaspace       used 9050K, committed 9280K, reserved 1064960K
  class space    used 649K, committed 768K, reserved 1048576K
}
Event: 7.005 GC heap after
{Heap after GC invocations=13 (full 3):
 garbage-first heap   total 92160K, used 51513K [0x0000000081a00000, 0x0000000100000000)
  region size 1024K, 0 young (0K), 0 survivors (0K)
 Metaspace       used 9050K, committed 9280K, reserved 1064960K
  class space    used 649K, committed 768K, reserved 1048576K
}
Event: 7.632 GC heap before
{Heap before GC invocations=13 (full 3):
 garbage-first heap   total 92160K, used 61753K [0x0000000081a00000, 0x0000000100000000)
  region size 1024K, 10 young (10240K), 0 survivors (0K)
 Metaspace       used 9304K, committed 9536K, reserved 1064960K
  class space    used 671K, committed 768K, reserved 1048576K
}
Event: 7.635 GC heap after
{Heap after GC invocations=14 (full 3):
 garbage-first heap   total 267264K, used 51979K [0x0000000081a00000, 0x0000000100000000)
  region size 1024K, 1 young (1024K), 1 survivors (1024K)
 Metaspace       used 9304K, committed 9536K, reserved 1064960K
  class space    used 671K, committed 768K, reserved 1048576K
}
Event: 11.224 GC heap before
{Heap before GC invocations=15 (full 3):
 garbage-first heap   total 188416K, used 126731K [0x0000000081a00000, 0x0000000100000000)
  region size 1024K, 74 young (75776K), 1 survivors (1024K)
 Metaspace       used 9873K, committed 10112K, reserved 1064960K
  class space    used 717K, committed 832K, reserved 1048576K
}
Event: 11.225 GC heap after
{Heap after GC invocations=16 (full 3):
 garbage-first heap   total 188416K, used 51883K [0x0000000081a00000, 0x0000000100000000)
  region size 1024K, 1 young (1024K), 1 survivors (1024K)
 Metaspace       used 9873K, committed 10112K, reserved 1064960K
  class space    used 717K, committed 832K, reserved 1048576K
}
Event: 13.764 GC heap before
{Heap before GC invocations=16 (full 3):
 garbage-first heap   total 188416K, used 106155K [0x0000000081a00000, 0x0000000100000000)
  region size 1024K, 55 young (56320K), 1 survivors (1024K)
 Metaspace       used 9910K, committed 10112K, reserved 1064960K
  class space    used 718K, committed 832K, reserved 1048576K
}
Event: 13.811 GC heap after
{Heap after GC invocations=17 (full 4):
 garbage-first heap   total 178176K, used 51644K [0x0000000081a00000, 0x0000000100000000)
  region size 1024K, 0 young (0K), 0 survivors (0K)
 Metaspace       used 9910K, committed 10112K, reserved 1064960K
  class space    used 718K, committed 832K, reserved 1048576K
}
Event: 13.926 GC heap before
{Heap before GC invocations=17 (full 4):
 garbage-first heap   total 178176K, used 53692K [0x0000000081a00000, 0x0000000100000000)
  region size 1024K, 3 young (3072K), 0 survivors (0K)
 Metaspace       used 10472K, committed 10688K, reserved 1064960K
  class space    used 772K, committed 896K, reserved 1048576K
}
Event: 13.972 GC heap after
{Heap after GC invocations=18 (full 5):
 garbage-first heap   total 178176K, used 52257K [0x0000000081a00000, 0x0000000100000000)
  region size 1024K, 0 young (0K), 0 survivors (0K)
 Metaspace       used 10472K, committed 10688K, reserved 1064960K
  class space    used 772K, committed 896K, reserved 1048576K
}
Event: 13.983 GC heap before
{Heap before GC invocations=18 (full 5):
 garbage-first heap   total 178176K, used 52257K [0x0000000081a00000, 0x0000000100000000)
  region size 1024K, 1 young (1024K), 0 survivors (0K)
 Metaspace       used 10535K, committed 10752K, reserved 1064960K
  class space    used 779K, committed 896K, reserved 1048576K
}
Event: 14.030 GC heap after
{Heap after GC invocations=19 (full 6):
 garbage-first heap   total 178176K, used 52304K [0x0000000081a00000, 0x0000000100000000)
  region size 1024K, 0 young (0K), 0 survivors (0K)
 Metaspace       used 10535K, committed 10752K, reserved 1064960K
  class space    used 779K, committed 896K, reserved 1048576K
}
Event: 14.062 GC heap before
{Heap before GC invocations=19 (full 6):
 garbage-first heap   total 178176K, used 53328K [0x0000000081a00000, 0x0000000100000000)
  region size 1024K, 2 young (2048K), 0 survivors (0K)
 Metaspace       used 10572K, committed 10816K, reserved 1064960K
  class space    used 781K, committed 896K, reserved 1048576K
}
Event: 14.108 GC heap after
{Heap after GC invocations=20 (full 7):
 garbage-first heap   total 178176K, used 52551K [0x0000000081a00000, 0x0000000100000000)
  region size 1024K, 0 young (0K), 0 survivors (0K)
 Metaspace       used 10572K, committed 10816K, reserved 1064960K
  class space    used 781K, committed 896K, reserved 1048576K
}

