# JRE version: OpenJDK Runtime Environment JBR-17.0.5+1-653.23-jcef (17.0.5+1) (build 17.0.5+1-b653.23)
# Java VM: OpenJDK 64-Bit Server VM JBR-17.0.5+1-653.23-jcef (17.0.5+1-b653.23, mixed mode, tiered, compressed oops, compressed class ptrs, g1 gc, windows-amd64)
GC Precious Log:
 CPUs: 16 total, 16 available
 Memory: 32694M
 Large Page Support: Disabled
 NUMA Support: Disabled
 Compressed Oops: Enabled (Zero based)
 Heap Region Size: 4M
 Heap Min Capacity: 8M
 Heap Initial Capacity: 512M
 Heap Max Capacity: 8176M
 Pre-touch: Disabled
 Parallel Workers: 13
 Concurrent Workers: 3
 Concurrent Refinement Workers: 13
 Periodic GC: Disabled
Heap:
 garbage-first heap   total 16384K, used 3874K [0x0000000601000000, 0x0000000800000000)
  region size 4096K, 1 young (4096K), 0 survivors (0K)
 Metaspace       used 20710K, committed 21056K, reserved 1073152K
  class space    used 1677K, committed 1856K, reserved 1048576K
GC Heap History (20 events):
Event: 6.519 GC heap before
{Heap before GC invocations=20 (full 3):
 garbage-first heap   total 20480K, used 3314K [0x0000000601000000, 0x0000000800000000)
  region size 4096K, 2 young (8192K), 1 survivors (4096K)
 Metaspace       used 18351K, committed 18624K, reserved 1073152K
  class space    used 1490K, committed 1600K, reserved 1048576K
}
Event: 6.520 GC heap after
{Heap after GC invocations=21 (full 3):
 garbage-first heap   total 20480K, used 3306K [0x0000000601000000, 0x0000000800000000)
  region size 4096K, 1 young (4096K), 1 survivors (4096K)
 Metaspace       used 18351K, committed 18624K, reserved 1073152K
  class space    used 1490K, committed 1600K, reserved 1048576K
}
Event: 6.677 GC heap before
{Heap before GC invocations=21 (full 3):
 garbage-first heap   total 20480K, used 3306K [0x0000000601000000, 0x0000000800000000)
  region size 4096K, 2 young (8192K), 1 survivors (4096K)
 Metaspace       used 18352K, committed 18624K, reserved 1073152K
  class space    used 1490K, committed 1600K, reserved 1048576K
}
Event: 6.678 GC heap after
{Heap after GC invocations=22 (full 3):
 garbage-first heap   total 20480K, used 3315K [0x0000000601000000, 0x0000000800000000)
  region size 4096K, 1 young (4096K), 1 survivors (4096K)
 Metaspace       used 18352K, committed 18624K, reserved 1073152K
  class space    used 1490K, committed 1600K, reserved 1048576K
}
Event: 6.848 GC heap before
{Heap before GC invocations=22 (full 3):
 garbage-first heap   total 20480K, used 3315K [0x0000000601000000, 0x0000000800000000)
  region size 4096K, 2 young (8192K), 1 survivors (4096K)
 Metaspace       used 18352K, committed 18624K, reserved 1073152K
  class space    used 1490K, committed 1600K, reserved 1048576K
}
Event: 6.849 GC heap after
{Heap after GC invocations=23 (full 3):
 garbage-first heap   total 20480K, used 3321K [0x0000000601000000, 0x0000000800000000)
  region size 4096K, 1 young (4096K), 1 survivors (4096K)
 Metaspace       used 18352K, committed 18624K, reserved 1073152K
  class space    used 1490K, committed 1600K, reserved 1048576K
}
Event: 7.007 GC heap before
{Heap before GC invocations=23 (full 3):
 garbage-first heap   total 20480K, used 3321K [0x0000000601000000, 0x0000000800000000)
  region size 4096K, 2 young (8192K), 1 survivors (4096K)
 Metaspace       used 18352K, committed 18624K, reserved 1073152K
  class space    used 1490K, committed 1600K, reserved 1048576K
}
Event: 7.007 GC heap after
{Heap after GC invocations=24 (full 3):
 garbage-first heap   total 20480K, used 3322K [0x0000000601000000, 0x0000000800000000)
  region size 4096K, 1 young (4096K), 1 survivors (4096K)
 Metaspace       used 18352K, committed 18624K, reserved 1073152K
  class space    used 1490K, committed 1600K, reserved 1048576K
}
Event: 7.164 GC heap before
{Heap before GC invocations=24 (full 3):
 garbage-first heap   total 20480K, used 3322K [0x0000000601000000, 0x0000000800000000)
  region size 4096K, 2 young (8192K), 1 survivors (4096K)
 Metaspace       used 18357K, committed 18624K, reserved 1073152K
  class space    used 1490K, committed 1600K, reserved 1048576K
}
Event: 7.165 GC heap after
{Heap after GC invocations=25 (full 3):
 garbage-first heap   total 20480K, used 3327K [0x0000000601000000, 0x0000000800000000)
  region size 4096K, 1 young (4096K), 1 survivors (4096K)
 Metaspace       used 18357K, committed 18624K, reserved 1073152K
  class space    used 1490K, committed 1600K, reserved 1048576K
}
Event: 7.321 GC heap before
{Heap before GC invocations=25 (full 3):
 garbage-first heap   total 20480K, used 3327K [0x0000000601000000, 0x0000000800000000)
  region size 4096K, 2 young (8192K), 1 survivors (4096K)
 Metaspace       used 19147K, committed 19456K, reserved 1073152K
  class space    used 1587K, committed 1728K, reserved 1048576K
}
Event: 7.321 GC heap after
{Heap after GC invocations=26 (full 3):
 garbage-first heap   total 20480K, used 3580K [0x0000000601000000, 0x0000000800000000)
  region size 4096K, 1 young (4096K), 1 survivors (4096K)
 Metaspace       used 19147K, committed 19456K, reserved 1073152K
  class space    used 1587K, committed 1728K, reserved 1048576K
}
Event: 7.333 GC heap before
{Heap before GC invocations=26 (full 3):
 garbage-first heap   total 20480K, used 3580K [0x0000000601000000, 0x0000000800000000)
  region size 4096K, 2 young (8192K), 1 survivors (4096K)
 Metaspace       used 19448K, committed 19776K, reserved 1073152K
  class space    used 1624K, committed 1792K, reserved 1048576K
}
Event: 7.342 GC heap after
{Heap after GC invocations=27 (full 4):
 garbage-first heap   total 16384K, used 3663K [0x0000000601000000, 0x0000000800000000)
  region size 4096K, 0 young (0K), 0 survivors (0K)
 Metaspace       used 19448K, committed 19776K, reserved 1073152K
  class space    used 1624K, committed 1792K, reserved 1048576K
}
Event: 7.342 GC heap before
{Heap before GC invocations=27 (full 4):
 garbage-first heap   total 16384K, used 3663K [0x0000000601000000, 0x0000000800000000)
  region size 4096K, 0 young (0K), 0 survivors (0K)
 Metaspace       used 19448K, committed 19776K, reserved 1073152K
  class space    used 1624K, committed 1792K, reserved 1048576K
}
Event: 7.350 GC heap after
{Heap after GC invocations=28 (full 5):
 garbage-first heap   total 16384K, used 3655K [0x0000000601000000, 0x0000000800000000)
  region size 4096K, 0 young (0K), 0 survivors (0K)
 Metaspace       used 19448K, committed 19776K, reserved 1073152K
  class space    used 1624K, committed 1792K, reserved 1048576K
}
Event: 7.350 GC heap before
{Heap before GC invocations=28 (full 5):
 garbage-first heap   total 16384K, used 3655K [0x0000000601000000, 0x0000000800000000)
  region size 4096K, 1 young (4096K), 0 survivors (0K)
 Metaspace       used 19448K, committed 19776K, reserved 1073152K
  class space    used 1624K, committed 1792K, reserved 1048576K
}
Event: 7.358 GC heap after
{Heap after GC invocations=29 (full 6):
 garbage-first heap   total 16384K, used 3655K [0x0000000601000000, 0x0000000800000000)
  region size 4096K, 0 young (0K), 0 survivors (0K)
 Metaspace       used 19448K, committed 19776K, reserved 1073152K
  class space    used 1624K, committed 1792K, reserved 1048576K
}
Event: 7.368 GC heap before
{Heap before GC invocations=29 (full 6):
 garbage-first heap   total 16384K, used 3655K [0x0000000601000000, 0x0000000800000000)
  region size 4096K, 1 young (4096K), 0 survivors (0K)
 Metaspace       used 19492K, committed 19840K, reserved 1073152K
  class space    used 1628K, committed 1792K, reserved 1048576K
}
Event: 7.377 GC heap after
{Heap after GC invocations=30 (full 7):
 garbage-first heap   total 16384K, used 3874K [0x0000000601000000, 0x0000000800000000)
  region size 4096K, 0 young (0K), 0 survivors (0K)
 Metaspace       used 19492K, committed 19840K, reserved 1073152K
  class space    used 1628K, committed 1792K, reserved 1048576K
}

